<?xml version="1.0" encoding="UTF-8"?>
<!-- Generated by org.testng.reporters.JUnitReportReporter -->
<testsuite skipped="0" hostname="ArchanaVeeru-PC" name="com.qa.xero.Utilities.ReportTest" tests="1" failures="0" timestamp="2020-06-08T16:47:54 PDT" time="0.281" errors="0">
  <testcase name="onStart" time="0.281" classname="com.qa.xero.Utilities.ReportTest"/>
  <system-out/>
</testsuite> <!-- com.qa.xero.Utilities.ReportTest -->
