<?xml version="1.0" encoding="UTF-8"?>
<!-- Generated by org.testng.reporters.JUnitReportReporter -->
<testsuite skipped="0" hostname="ArchanaVeeru-PC" name="com.qa.xero.Testcases.LoginTest" tests="1" failures="0" timestamp="2020-06-08T22:54:33 PDT" time="9.867" errors="0">
  <testcase name="logIn" time="9.867" classname="com.qa.xero.Testcases.LoginTest"/>
  <system-out/>
</testsuite> <!-- com.qa.xero.Testcases.LoginTest -->
